빌드 시작: 2017-06-08 오전 2:47:29
     1>2 노드의 "D:\내 폴더\2017-1학기\네프\HW3_122021\Client\PrjClient.vcxproj" 프로젝트(build 대상)입니다.
     1>InitializeBuildStatus:
         "AlwaysCreate"이(가) 지정되었기 때문에 "Debug\PrjClient.unsuccessfulbuild"을(를) 만들고 있습니다.
       ClCompile:
         D:\Microsoft Visual Studio 10.0\VC\bin\CL.exe /c /ZI /nologo /W3 /WX- /Od /Oy- /D WIN32 /D _DEBUG /D _CONSOLE /D _MBCS /Gm /EHsc /RTC1 /MDd /GS /fp:precise /Zc:wchar_t /Zc:forScope /Fo"Debug\\" /Fd"Debug\vc100.pdb" /Gd /TP /analyze- /errorReport:prompt PrjClient.cpp
         PrjClient.cpp
     1>d:\내 폴더\2017-1학기\네프\hw3_122021\client\prjclient.cpp(260): warning C4996: 'fopen': This function or variable may be unsafe. Consider using fopen_s instead. To disable deprecation, use _CRT_SECURE_NO_WARNINGS. See online help for details.
                 d:\microsoft visual studio 10.0\vc\include\stdio.h(234) : 'fopen' 선언을 참조하십시오.
     1>d:\내 폴더\2017-1학기\네프\hw3_122021\client\prjclient.cpp(263): warning C4996: 'fscanf': This function or variable may be unsafe. Consider using fscanf_s instead. To disable deprecation, use _CRT_SECURE_NO_WARNINGS. See online help for details.
                 d:\microsoft visual studio 10.0\vc\include\stdio.h(253) : 'fscanf' 선언을 참조하십시오.
     1>d:\내 폴더\2017-1학기\네프\hw3_122021\client\prjclient.cpp(275): warning C4996: 'fopen': This function or variable may be unsafe. Consider using fopen_s instead. To disable deprecation, use _CRT_SECURE_NO_WARNINGS. See online help for details.
                 d:\microsoft visual studio 10.0\vc\include\stdio.h(234) : 'fopen' 선언을 참조하십시오.
     1>d:\내 폴더\2017-1학기\네프\hw3_122021\client\prjclient.cpp(278): warning C4996: 'fscanf': This function or variable may be unsafe. Consider using fscanf_s instead. To disable deprecation, use _CRT_SECURE_NO_WARNINGS. See online help for details.
                 d:\microsoft visual studio 10.0\vc\include\stdio.h(253) : 'fscanf' 선언을 참조하십시오.
     1>d:\내 폴더\2017-1학기\네프\hw3_122021\client\prjclient.cpp(292): warning C4996: 'fopen': This function or variable may be unsafe. Consider using fopen_s instead. To disable deprecation, use _CRT_SECURE_NO_WARNINGS. See online help for details.
                 d:\microsoft visual studio 10.0\vc\include\stdio.h(234) : 'fopen' 선언을 참조하십시오.
     1>d:\내 폴더\2017-1학기\네프\hw3_122021\client\prjclient.cpp(295): warning C4996: 'fscanf': This function or variable may be unsafe. Consider using fscanf_s instead. To disable deprecation, use _CRT_SECURE_NO_WARNINGS. See online help for details.
                 d:\microsoft visual studio 10.0\vc\include\stdio.h(253) : 'fscanf' 선언을 참조하십시오.
     1>d:\내 폴더\2017-1학기\네프\hw3_122021\client\prjclient.cpp(304): warning C4996: 'fopen': This function or variable may be unsafe. Consider using fopen_s instead. To disable deprecation, use _CRT_SECURE_NO_WARNINGS. See online help for details.
                 d:\microsoft visual studio 10.0\vc\include\stdio.h(234) : 'fopen' 선언을 참조하십시오.
     1>d:\내 폴더\2017-1학기\네프\hw3_122021\client\prjclient.cpp(307): warning C4996: 'fscanf': This function or variable may be unsafe. Consider using fscanf_s instead. To disable deprecation, use _CRT_SECURE_NO_WARNINGS. See online help for details.
                 d:\microsoft visual studio 10.0\vc\include\stdio.h(253) : 'fscanf' 선언을 참조하십시오.
     1>d:\내 폴더\2017-1학기\네프\hw3_122021\client\prjclient.cpp(344): warning C4996: 'fopen': This function or variable may be unsafe. Consider using fopen_s instead. To disable deprecation, use _CRT_SECURE_NO_WARNINGS. See online help for details.
                 d:\microsoft visual studio 10.0\vc\include\stdio.h(234) : 'fopen' 선언을 참조하십시오.
     1>d:\내 폴더\2017-1학기\네프\hw3_122021\client\prjclient.cpp(358): warning C4996: 'strcpy': This function or variable may be unsafe. Consider using strcpy_s instead. To disable deprecation, use _CRT_SECURE_NO_WARNINGS. See online help for details.
                 d:\microsoft visual studio 10.0\vc\include\string.h(105) : 'strcpy' 선언을 참조하십시오.
     1>d:\내 폴더\2017-1학기\네프\hw3_122021\client\prjclient.cpp(368): warning C4996: 'strcpy': This function or variable may be unsafe. Consider using strcpy_s instead. To disable deprecation, use _CRT_SECURE_NO_WARNINGS. See online help for details.
                 d:\microsoft visual studio 10.0\vc\include\string.h(105) : 'strcpy' 선언을 참조하십시오.
     1>d:\내 폴더\2017-1학기\네프\hw3_122021\client\prjclient.cpp(381): warning C4996: 'fopen': This function or variable may be unsafe. Consider using fopen_s instead. To disable deprecation, use _CRT_SECURE_NO_WARNINGS. See online help for details.
                 d:\microsoft visual studio 10.0\vc\include\stdio.h(234) : 'fopen' 선언을 참조하십시오.
     1>d:\내 폴더\2017-1학기\네프\hw3_122021\client\prjclient.cpp(395): warning C4996: 'strcpy': This function or variable may be unsafe. Consider using strcpy_s instead. To disable deprecation, use _CRT_SECURE_NO_WARNINGS. See online help for details.
                 d:\microsoft visual studio 10.0\vc\include\string.h(105) : 'strcpy' 선언을 참조하십시오.
     1>d:\내 폴더\2017-1학기\네프\hw3_122021\client\prjclient.cpp(406): warning C4996: 'strcpy': This function or variable may be unsafe. Consider using strcpy_s instead. To disable deprecation, use _CRT_SECURE_NO_WARNINGS. See online help for details.
                 d:\microsoft visual studio 10.0\vc\include\string.h(105) : 'strcpy' 선언을 참조하십시오.
     1>d:\내 폴더\2017-1학기\네프\hw3_122021\client\prjclient.cpp(232): warning C4101: 'ALL' :참조되지 않은 지역 변수입니다.
     1>d:\내 폴더\2017-1학기\네프\hw3_122021\client\prjclient.cpp(726): warning C4996: 'vsprintf': This function or variable may be unsafe. Consider using vsprintf_s instead. To disable deprecation, use _CRT_SECURE_NO_WARNINGS. See online help for details.
                 d:\microsoft visual studio 10.0\vc\include\stdio.h(371) : 'vsprintf' 선언을 참조하십시오.
     1>d:\내 폴더\2017-1학기\네프\hw3_122021\client\prjclient.cpp(741): warning C4996: 'vsprintf': This function or variable may be unsafe. Consider using vsprintf_s instead. To disable deprecation, use _CRT_SECURE_NO_WARNINGS. See online help for details.
                 d:\microsoft visual studio 10.0\vc\include\stdio.h(371) : 'vsprintf' 선언을 참조하십시오.
     1>d:\내 폴더\2017-1학기\네프\hw3_122021\client\prjclient.cpp(804): warning C4018: '<' : signed 또는 unsigned가 일치하지 않습니다.
     1>d:\내 폴더\2017-1학기\네프\hw3_122021\client\prjclient.cpp(834): warning C4018: '<' : signed 또는 unsigned가 일치하지 않습니다.
       ResourceCompile:
         C:\Program Files (x86)\Microsoft SDKs\Windows\v7.0A\bin\rc.exe /l"0x0409" /nologo /fo"Debug\PrjClient.res" PrjClient.rc 
       ManifestResourceCompile:
         C:\Program Files (x86)\Microsoft SDKs\Windows\v7.0A\bin\rc.exe /nologo /fo"Debug\PrjClient.exe.embed.manifest.res" Debug\PrjClient_manifest.rc 
       Link:
         D:\Microsoft Visual Studio 10.0\VC\bin\link.exe /ERRORREPORT:PROMPT /OUT:"D:\내 폴더\2017-1학기\네프\HW3_122021\Client\Debug\PrjClient.exe" /INCREMENTAL /NOLOGO kernel32.lib user32.lib gdi32.lib winspool.lib comdlg32.lib advapi32.lib shell32.lib ole32.lib oleaut32.lib uuid.lib odbc32.lib odbccp32.lib /MANIFEST /ManifestFile:"Debug\PrjClient.exe.intermediate.manifest" /MANIFESTUAC:"level='asInvoker' uiAccess='false'" /DEBUG /PDB:"D:\내 폴더\2017-1학기\네프\HW3_122021\Client\Debug\PrjClient.pdb" /SUBSYSTEM:WINDOWS /TLBID:1 /DYNAMICBASE /NXCOMPAT /IMPLIB:"D:\내 폴더\2017-1학기\네프\HW3_122021\Client\Debug\PrjClient.lib" /MACHINE:X86 Debug\PrjClient.res
         Debug\PrjClient.exe.embed.manifest.res
         Debug\PrjClient.obj
         LINK : D:\내 폴더\2017-1학기\네프\HW3_122021\Client\Debug\PrjClient.exe을(를) 찾을 수 없거나 마지막 증분 링크에 의해 빌드되지 않았습니다. 전체 링크를 수행하고 있습니다.
       Manifest:
         C:\Program Files (x86)\Microsoft SDKs\Windows\v7.0A\bin\mt.exe /nologo /verbose /out:"Debug\PrjClient.exe.embed.manifest" /manifest Debug\PrjClient.exe.intermediate.manifest
         모든 출력이 최신 상태입니다.
       LinkEmbedManifest:
         모든 출력이 최신 상태입니다.
         PrjClient.vcxproj -> D:\내 폴더\2017-1학기\네프\HW3_122021\Client\Debug\PrjClient.exe
       FinalizeBuildStatus:
         "Debug\PrjClient.unsuccessfulbuild" 파일을 삭제하고 있습니다.
         "Debug\PrjClient.lastbuildstate"에 연결(touching)하고 있습니다.
     1>"D:\내 폴더\2017-1학기\네프\HW3_122021\Client\PrjClient.vcxproj" 프로젝트를 빌드했습니다(build 대상).

빌드했습니다.

경과 시간: 00:00:08.79
